<?xml version="1.0" encoding="UTF-8"?>
<!-- Generated by org.testng.reporters.JUnitXMLReporter -->
<testsuite ignored="0" hostname="RAHUL-VAIO" failures="2" tests="2" name="Test" time="27.281" errors="0" timestamp="2021-02-11T17:37:29 IST">
  <testcase classname="rahulOrganization.Framework.Homepage" name="home" time="12.94">
    <failure type="java.lang.NullPointerException">
      <![CDATA[java.lang.NullPointerException
at rahulOrganization.Framework.Login.login(Login.java:15)
at rahulOrganization.Framework.Homepage.home(Homepage.java:16)
at java.base/java.util.ArrayList.forEach(ArrayList.java:1510)
... Removed 27 stack frames]]>
    </failure>
  </testcase> <!-- home -->
  <testcase classname="rahulOrganization.Framework.Homepage" name="home" time="14.105">
    <failure type="java.lang.NullPointerException">
      <![CDATA[java.lang.NullPointerException
at rahulOrganization.Framework.Login.login(Login.java:15)
at rahulOrganization.Framework.Homepage.home(Homepage.java:16)
at java.base/java.util.ArrayList.forEach(ArrayList.java:1510)
... Removed 27 stack frames]]>
    </failure>
  </testcase> <!-- home -->
</testsuite> <!-- Test -->
